ERROR:__main__:Получили ошибку division by zero
Параметры 2 0
ERROR:__main__:Получили ошибку division by zero
Параметры 2 0
ERROR:__main__:РџРѕР»СѓС‡РёР»Рё РѕС€РёР±РєСѓ division by zero
РџР°СЂР°РјРµС‚СЂС‹ 2 0
INFO:__main__:РџР°СЂР°РјРµС‚СЂС‹ 2 4. Р РµР·СѓР»СЊС‚Р°С‚ СЂР°РІРµРЅ 0.5
ERROR:__main__:РџРѕР»СѓС‡РёР»Рё РѕС€РёР±РєСѓ division by zero
РџР°СЂР°РјРµС‚СЂС‹ 2 0
INFO:__main__:РџР°СЂР°РјРµС‚СЂС‹ 2 0. Р РµР·СѓР»СЊС‚Р°С‚ СЂР°РІРµРЅ inf
INFO:__main__:РџРѕР»СѓС‡РёР»Рё Р°СЂРіСѓРјРµРЅС‚С‹{error}
INFO:__main__:РџРѕР»СѓС‡РёР»Рё Р°СЂРіСѓРјРµРЅС‚С‹{error}
INFO:__main__:{datetime.datetime(2023, 11, 20, 22, 6, 46, 229767): ((2, 4), 0.5)}
INFO:__main__:{datetime.datetime(2023, 11, 20, 22, 6, 46, 230769): ((2, 0), inf)}
INFO:__main__:{datetime.datetime(2023, 11, 20, 22, 11, 3, 973350): (2, 4, 0.5)}
INFO:__main__:{datetime.datetime(2023, 11, 20, 22, 11, 3, 974349): (2, 0, inf)}
INFO:__main__:test {datetime.datetime(2023, 11, 20, 22, 12, 27, 980246): ((2, 4), 0.5)}
INFO:__main__:test {datetime.datetime(2023, 11, 20, 22, 12, 27, 981246): ((2, 0), inf)}
INFO:__main__:{datetime.datetime(2023, 11, 20, 22, 18, 15, 321337): ('zero_devide', (2, 4), 0.5)}
INFO:__main__:{datetime.datetime(2023, 11, 20, 22, 18, 15, 321337): ('zero_devide', (2, 0), inf)}
INFO:__main__:zero_devide:{datetime.datetime(2023, 11, 20, 22, 19, 50, 240266): ((2, 4), 0.5)}
INFO:__main__:zero_devide:{datetime.datetime(2023, 11, 20, 22, 19, 50, 241267): ((2, 0), inf)}
INFO:__main__:РџРѕР»СѓС‡РёР»Рё С‚РµРєСЃС‚ 1-Р№ С‡РµС‚РІРµСЂРі РЅРѕСЏР±СЂСЏ. Р РµР·СѓР»СЊС‚Р°С‚ - РґР°С‚Р° 2023-11-02 00:00:00
ERROR:__main__:РІ С‚РµРєСЃС‚Рµ 7-СЏ СЃСЂРµРґР° РјР°k РІРѕР·РЅРёРєР»Р° РѕС€РёР±РєР°
INFO:__main__:РџРѕР»СѓС‡РёР»Рё С‚РµРєСЃС‚ 1-Р№ С‡РµС‚РІРµСЂРі РЅРѕСЏР±СЂСЏ. Р РµР·СѓР»СЊС‚Р°С‚ - РґР°С‚Р° 2023-11-02 00:00:00
ERROR:__main__:Р”Р°С‚Р° РЅРµ РѕРїСЂРµРґРµР»РµРЅР°. Р’РѕР·РјРѕР¶РЅРѕ, СЃС‚РѕРёС‚ РїСЂРѕРІРµСЂРёС‚СЊ РїР°СЂР°РјРµС‚СЂ {num}
INFO:__main__:РџРѕР»СѓС‡РёР»Рё С‚РµРєСЃС‚ 1-Р№ С‡РµС‚РІРµСЂРі РЅРѕСЏР±СЂСЏ. Р РµР·СѓР»СЊС‚Р°С‚ - РґР°С‚Р° 2023-11-02 00:00:00
ERROR:__main__:Р”Р°С‚Р° РЅРµ РѕРїСЂРµРґРµР»РµРЅР°. Р’РѕР·РјРѕР¶РЅРѕ, СЃС‚РѕРёС‚ РїСЂРѕРІРµСЂРёС‚СЊ РїР°СЂР°РјРµС‚СЂ 7
INFO:__main__:РџРѕР»СѓС‡РёР»Рё С‚РµРєСЃС‚ 1-Р№ С‡РµС‚РІРµСЂРі РЅРѕСЏР±СЂСЏ. Р РµР·СѓР»СЊС‚Р°С‚ - РґР°С‚Р° 2023-11-02 00:00:00
ERROR:__main__:Р”Р°С‚Р° РЅРµ РѕРїСЂРµРґРµР»РµРЅР°. Р’РѕР·РјРѕР¶РЅРѕ, СЃС‚РѕРёС‚ РїСЂРѕРІРµСЂРёС‚СЊ РїР°СЂР°РјРµС‚СЂ 7
