INFO:__main__:Получили данные: 3, 2, 11
INFO:__main__:Получили данные: 3, 2, 11
INFO:__main__:Получили данные: 3, 2, 11
INFO:__main__:Получили данные: jhg, 2, 11
ERROR:__main__:при вводе тексте возникла ошибка invalid literal for int() with base 10: 'j', значение jhg
INFO:__main__:Получили данные: l-й, чbтверг, ноября
ERROR:__main__:при вводе тексте возникла ошибка invalid literal for int() with base 10: 'l'. Значение l-й
ERROR:__main__:при вводе тексте возникла ошибка 'чbт' is not in list.
INFO:__main__:Получили данные: l-й, чbтверг, ноября
ERROR:__main__:при вводе тексте возникла ошибка invalid literal for int() with base 10: 'l'. Значение l-й
ERROR:__main__:<built-in method time of datetime.datetime object at 0x000001DFB06EF030>: при вводе тексте возникла ошибка 'чbт' is not in list.
INFO:__main__:Получили данные: l-й, чbтверг, ноября
ERROR:__main__:при вводе тексте возникла ошибка invalid literal for int() with base 10: 'l'. Значение l-й
ERROR:__main__:<built-in method time of datetime.datetime object at 0x000001E4CDEBF090>: при вводе тексте возникла ошибка 'чbт' is not in list.
INFO:__main__:Получили данные: l-й, чbтверг, ноября
ERROR:__main__:при вводе тексте возникла ошибка invalid literal for int() with base 10: 'l'. Значение l-й
ERROR:__main__:2023-11-22 14:03:02.720683: при вводе тексте возникла ошибка 'чbт' is not in list.
INFO:__main__:Получили данные: jhg, 7, 11
ERROR:__main__:2023-11-22 14:04:18.058733: при вводе тексте возникла ошибка invalid literal for int() with base 10: 'j'. Значение jhg
INFO:__main__:Получили данные: jhg, 7, 11
ERROR:__main__:2023-11-22 14:18:45.569844: при вводе тексте возникла ошибка invalid literal for int() with base 10: 'j'. Значение jhg
INFO:__main__:Получили данные: jhg, 7, 11
ERROR:__main__:2023-11-22 14:19:57.427082: при вводе тексте возникла ошибка invalid literal for int() with base 10: 'j'. Значение jhg
WARNING:__main__:численное значение параметра 7 должно быть в диапазоне от 0 до 6.
WARNING:__main__:Принимаем значение параметра равным 6.
INFO:__main__:Получили данные: jhg, 7, 11
ERROR:__main__:2023-11-22 14:39:44.366678: при вводе тексте возникла ошибка invalid literal for int() with base 10: 'j'. Значение jhg
WARNING:__main__:2023-11-22 14:39:44.366678 Численное значение дня недели должно быть в диапазоне от 0 до 6. Введено 7
WARNING:__main__:2023-11-22 14:39:44.366678 Принимаем значение дня недели равным 0 (понедельник).
INFO:__main__:Получили данные: jhg, 7, 11
ERROR:__main__:2023-11-22 14:44:07.230102: при вводе тексте возникла ошибка invalid literal for int() with base 10: 'j'. Значение jhg
WARNING:__main__:2023-11-22 14:44:07.230102 Численное значение дня недели должно быть в диапазоне от 0 до 6. Введено 7
WARNING:__main__:2023-11-22 14:44:07.230102 Принимаем значение дня недели равным 0 (понедельник).
ERROR:__main__:2023-11-22 14:44:07.230102: При вводе тексте возникла ошибка day is out of range for month.
INFO:__main__:Получили данные: jhg, 7, 11
ERROR:__main__:2023-11-22 14:50:48.465236: при вводе текста возникла ошибка invalid literal for int() with base 10: 'j'. Значение jhg
INFO:__main__:Получили данные: 1, четверг, 0
WARNING:__main__:2023-11-22 14:55:18.383344 Численное значение месяца должно быть в диапазоне от 1 до 12. Введено 0
WARNING:__main__:2023-11-22 14:55:18.383344 Принимаем значение месяца равным 1 (январь).
INFO:__main__:Получили данные: 1, четверг, 0
WARNING:__main__:2023-11-22 14:56:58.903696 Численное значение месяца должно быть в диапазоне от 1 до 12. Введено 0
WARNING:__main__:2023-11-22 14:56:58.903696 Принимаем значение месяца равным 1 (январь).
INFO:__main__:Получили данные: 1, четверг, 0
WARNING:__main__:2023-11-22 14:57:47.415553 Численное значение месяца должно быть в диапазоне от 1 до 12. Введено 0
WARNING:__main__:2023-11-22 14:57:47.415553 Принимаем значение месяца равным 1 (январь).
INFO:__main__:Получили данные: 2hg, 7, 11
WARNING:__main__:2023-11-22 14:58:58.270582 Численное значение дня недели должно быть в диапазоне от 0 до 6. Введено 7
WARNING:__main__:2023-11-22 14:58:58.270582 Принимаем значение дня недели равным 0 (понедельник).
INFO:__main__:Получили текст 4-й четверг ноября. Результат - дата 2023-11-23 00:00:00
ERROR:__main__:Дата не определена. Возможно, стоит проверить параметр 7
INFO:__main__:Получили текст 5-й четверг ноября. Результат - дата 2023-11-30 00:00:00
ERROR:__main__:Дата не определена. Возможно, стоит проверить параметр 7
INFO:__main__:Получили текст 5-й четверг ноября. Результат - дата 2023-11-30 00:00:00
ERROR:__main__:Дата не определена. Возможно, стоит проверить параметр 7
INFO:__main__:Получили текст 5-й четверг ноября. Результат - дата 2023-11-30 00:00:00
INFO:__main__:Получили данные: l-й, чbтверг, ноября
ERROR:__main__:2023-11-22 15:05:11.589945: при вводе текста возникла ошибка invalid literal for int() with base 10: 'l'. Значение l-й
INFO:__main__:Получили данные: 2-й, чbтверг, ноября
ERROR:__main__:2023-11-22 15:05:51.887066: При вводе тексте возникла ошибка 'чbт' is not in list.
INFO:__main__:Получили данные: 2-й, четверг, ноября
INFO:__main__:Получили данные: 2-й, четверг, ноября
INFO:__main__:Результат - дата 2023-11-09 00:00:00
INFO:__main__:Получили данные: 2hg, 7, 11
WARNING:__main__:2023-11-22 15:08:13.834492 Численное значение дня недели должно быть в диапазоне от 0 до 6. Введено 7
WARNING:__main__:2023-11-22 15:08:13.834492 Принимаем значение дня недели равным 0 (понедельник).
INFO:__main__:Получили данные: 2, 7, 11
WARNING:__main__:2023-11-22 15:09:14.842548 Численное значение дня недели должно быть в диапазоне от 0 до 6. Введено 7
WARNING:__main__:2023-11-22 15:09:14.842548 Принимаем значение дня недели равным 0 (понедельник).
INFO:__main__:Получили данные: 2, 7, 11
WARNING:__main__:2023-11-22 15:19:31.869182 Численное значение дня недели должно быть в диапазоне от 0 до 6. Введено 7
WARNING:__main__:2023-11-22 15:19:31.869182 Принимаем значение дня недели равным 0 (понедельник).
ERROR:__main__:Дата не определена. Закончились дни в месяце
INFO:__main__:Получили данные: 2, 7, 11
WARNING:__main__:2023-11-22 15:21:16.403486 Численное значение дня недели должно быть в диапазоне от 0 до 6. Введено 7
WARNING:__main__:2023-11-22 15:21:16.403486 Принимаем значение дня недели равным 0 (понедельник).
ERROR:__main__:Дата не определена. Закончились дни в месяце
INFO:__main__:Получили данные: 2, 7, 11
WARNING:__main__:2023-11-22 15:21:33.084747 Численное значение дня недели должно быть в диапазоне от 0 до 6. Введено 7
WARNING:__main__:2023-11-22 15:21:33.084747 Принимаем значение дня недели равным 0 (понедельник).
INFO:__main__:Результат - дата 2023-11-13 00:00:00
INFO:__main__:Получили данные: 1, четверг, 0
WARNING:__main__:2023-11-22 15:22:05.431760 Численное значение месяца должно быть в диапазоне от 1 до 12. Введено 0
WARNING:__main__:2023-11-22 15:22:05.431760 Принимаем значение месяца равным 1 (январь).
INFO:__main__:Результат - дата 2023-01-05 00:00:00
INFO:__main__:Получили данные: 1-я, среда, 11
INFO:__main__:Результат - дата 2023-11-01 00:00:00
INFO:__main__:Получили данные: 1, 2, 11
INFO:__main__:Результат - дата 2023-11-01 00:00:00
INFO:__main__:Получили данные: 2-й, четверг, ноября
INFO:__main__:Результат - дата 2023-11-09 00:00:00
INFO:__main__:Получили текст 1-й четверг ноября. Результат - дата 2023-11-02 00:00:00
