INFO:__main__:Периметр прямоугольника с шириной 5 и высотой 5 равен 20
INFO:__main__:Периметр прямоугольника с шириной 4 и высотой 3 равен 14
INFO:__main__:Периметр прямоугольника с шириной 5 и высотой 5 равен 20
INFO:__main__:Периметр прямоугольника с шириной 4 и высотой 3 равен 14
INFO:__main__:Периметр прямоугольника с шириной 5 и высотой 5 равен 20
INFO:__main__:Периметр прямоугольника с шириной 4 и высотой 3 равен 14
INFO:__main__:Результат вычитания - прямоугольник <__main__.Rectangle object at 0x00000253324F5550>
INFO:__main__:Периметр прямоугольника с шириной -5 и высотой -5 равен -20
INFO:__main__:Периметр прямоугольника с шириной 8 и высотой 8 равен 32
INFO:__main__:Периметр прямоугольника с шириной -5 и высотой -5 равен -20
INFO:__main__:Периметр прямоугольника с шириной 8 и высотой 8 равен 32
INFO:__main__:Периметр прямоугольника с шириной 8 и высотой 8 равен 32
INFO:__main__:Периметр прямоугольника с шириной -5 и высотой -5 равен -20
INFO:__main__:Результат вычитания - прямоугольник <__main__.Rectangle object at 0x0000019A2BD5AF90>
ERROR:__main__:Ширина должна быть положительной, а не -5
ERROR:__main__:Ширина должна быть положительной, а не -5
INFO:__main__:Периметр прямоугольника с шириной 5 и высотой 5 равен 20
INFO:__main__:Периметр прямоугольника с шириной 4 и высотой 3 равен 14
INFO:__main__:Периметр прямоугольника с шириной 5 и высотой 5 равен 20
INFO:__main__:Периметр прямоугольника с шириной 4 и высотой 3 равен 14
INFO:__main__:Периметр прямоугольника с шириной 5 и высотой 5 равен 20
INFO:__main__:Периметр прямоугольника с шириной 4 и высотой 3 равен 14
INFO:__main__:Результат вычитания - прямоугольник <__main__.Rectangle object at 0x000002518C084AD0>
